<?xml version="1.0" encoding="UTF-8"?>
<!-- Generated by org.testng.reporters.JUnitReportReporter -->
<testsuite hostname="LTIN461937" failures="0" tests="1" name="testCases.TC_002_NewsPage" time="166.480" errors="0" timestamp="2024-05-01T16:36:53 IST" skipped="0">
  <testcase classname="testCases.TC_002_NewsPage" name="newsPageValidation" time="166.480"/>
</testsuite> <!-- testCases.TC_002_NewsPage -->
